  Application.cpp
  WonderingGuard.cpp
C:\Users\s200501\source\repos\GameAI\RaylibStarterCPP\srccpp\WonderingGuard.cpp(56,74): warning C4244: 'argument': conversion from 'float' to 'int', possible loss of data
C:\Users\s200501\source\repos\GameAI\RaylibStarterCPP\srccpp\WonderingGuard.cpp(56,38): warning C4244: 'argument': conversion from 'float' to 'int', possible loss of data
C:\Users\s200501\source\repos\GameAI\RaylibStarterCPP\srccpp\WonderingGuard.cpp(59,33): warning C4244: 'argument': conversion from 'float' to 'int', possible loss of data
C:\Users\s200501\source\repos\GameAI\RaylibStarterCPP\srccpp\WonderingGuard.cpp(59,16): warning C4244: 'argument': conversion from 'float' to 'int', possible loss of data
C:\Users\s200501\source\repos\GameAI\RaylibStarterCPP\srccpp\WonderingGuard.cpp(58,35): warning C4244: 'argument': conversion from 'float' to 'int', possible loss of data
C:\Users\s200501\source\repos\GameAI\RaylibStarterCPP\srccpp\WonderingGuard.cpp(58,21): warning C4244: 'argument': conversion from 'float' to 'int', possible loss of data
  Generating code
  5 of 942 functions ( 0.5%) were compiled, the rest were copied from previous compilation.
    0 functions were new in current compilation
    8 functions had inline decision re-evaluated but remain unchanged
  Finished generating code
raylib.lib(core.obj) : warning LNK4099: PDB 'raylib.pdb' was not found with 'raylib.lib(core.obj)' or at 'C:\Users\s200501\source\repos\GameAI\bin\Win32\Release\raylib.pdb'; linking object as if no debug info
raylib.lib(shapes.obj) : warning LNK4099: PDB 'raylib.pdb' was not found with 'raylib.lib(shapes.obj)' or at 'C:\Users\s200501\source\repos\GameAI\bin\Win32\Release\raylib.pdb'; linking object as if no debug info
raylib.lib(textures.obj) : warning LNK4099: PDB 'raylib.pdb' was not found with 'raylib.lib(textures.obj)' or at 'C:\Users\s200501\source\repos\GameAI\bin\Win32\Release\raylib.pdb'; linking object as if no debug info
raylib.lib(text.obj) : warning LNK4099: PDB 'raylib.pdb' was not found with 'raylib.lib(text.obj)' or at 'C:\Users\s200501\source\repos\GameAI\bin\Win32\Release\raylib.pdb'; linking object as if no debug info
raylib.lib(utils.obj) : warning LNK4099: PDB 'raylib.pdb' was not found with 'raylib.lib(utils.obj)' or at 'C:\Users\s200501\source\repos\GameAI\bin\Win32\Release\raylib.pdb'; linking object as if no debug info
raylib.lib(rglfw.obj) : warning LNK4099: PDB 'raylib.pdb' was not found with 'raylib.lib(rglfw.obj)' or at 'C:\Users\s200501\source\repos\GameAI\bin\Win32\Release\raylib.pdb'; linking object as if no debug info
  RaylibStarterCPP.vcxproj -> C:\Users\s200501\source\repos\GameAI\bin\Win32\Release\GameAI.exe
