c:\users\xavie\source\repos\gameai\raylibstartercpp\debug\vc142.pdb
c:\users\xavie\source\repos\gameai\raylibstartercpp\debug\vc142.idb
c:\users\xavie\source\repos\gameai\raylibstartercpp\debug\wonderingguard.obj
c:\users\xavie\source\repos\gameai\raylibstartercpp\debug\wonderbehaviour.obj
c:\users\xavie\source\repos\gameai\raylibstartercpp\debug\player.obj
c:\users\xavie\source\repos\gameai\raylibstartercpp\debug\seekbehaviour.obj
c:\users\xavie\source\repos\gameai\raylibstartercpp\debug\main.obj
c:\users\xavie\source\repos\gameai\raylibstartercpp\debug\keyboardbehaviour.obj
c:\users\xavie\source\repos\gameai\raylibstartercpp\debug\gameobject.obj
c:\users\xavie\source\repos\gameai\raylibstartercpp\debug\application.obj
c:\users\xavie\source\repos\gameai\raylibstartercpp\debug\followpathbehaviour.obj
c:\users\xavie\source\repos\gameai\raylibstartercpp\debug\fleebehaviour.obj
c:\users\xavie\source\repos\gameai\raylibstartercpp\debug\graph2deditor.obj
c:\users\xavie\source\repos\gameai\raylibstartercpp\debug\graph2d.obj
c:\users\xavie\source\repos\gameai\raylibstartercpp\debug\standingguard.obj
c:\users\xavie\source\repos\gameai\raylibstartercpp\debug\patrollingguard.obj
c:\users\xavie\source\repos\gameai\bin\win32\debug\gameai.exe
c:\users\xavie\source\repos\gameai\bin\win32\debug\gameai.ilk
c:\users\xavie\source\repos\gameai\bin\win32\debug\gameai.pdb
c:\users\xavie\source\repos\gameai\raylibstartercpp\debug\gameai.tlog\cl.command.1.tlog
c:\users\xavie\source\repos\gameai\raylibstartercpp\debug\gameai.tlog\cl.read.1.tlog
c:\users\xavie\source\repos\gameai\raylibstartercpp\debug\gameai.tlog\cl.write.1.tlog
c:\users\xavie\source\repos\gameai\raylibstartercpp\debug\gameai.tlog\link.command.1.tlog
c:\users\xavie\source\repos\gameai\raylibstartercpp\debug\gameai.tlog\link.read.1.tlog
c:\users\xavie\source\repos\gameai\raylibstartercpp\debug\gameai.tlog\link.write.1.tlog
